15-01-18 08:18:53.000000  plugin load: 2621440
15-01-18 08:18:57.000000  plugin load: 2621440
15-01-18 08:19:04.000000  plugin load: 2621440
15-01-18 08:19:21.000000  plugin load: 2621440
15-01-18 08:19:25.000000  plugin load: 2621440
15-01-18 08:19:42.000000  plugin load: 2621440
15-01-18 08:20:23.000000  plugin load: 2621440
15-01-18 08:20:27.000000  plugin load: 2621440
15-01-18 08:20:32.000000  plugin load: 2621440
15-01-18 08:20:36.000000  plugin load: 2621440
15-01-18 08:20:40.000000  plugin load: 2621440
15-01-18 08:20:44.000000  plugin load: 2621440
15-01-18 08:21:31.000000  plugin load: 2621440
ewww_image_optimizer_admin_init: 8650752
ewww_image_optimizer_init: 8650752
ewww_image_optimizer_cloud_init: 8912896
ewww_image_optimizer_init: 8912896
ewww_image_optimizer_exec_init: 8912896
ewww_image_optimizer_admin_init: 9175040
ewww_image_optimizer_progressbar_style: 9437184
15-01-18 08:21:43.000000  plugin load: 2621440
ewww_image_optimizer_admin_init: 9175040
ewww_image_optimizer_init: 9175040
ewww_image_optimizer_cloud_init: 9175040
ewww_image_optimizer_init: 9175040
ewww_image_optimizer_exec_init: 9175040
ewww_image_optimizer_admin_init: 9175040
15-01-18 08:21:46.000000  plugin load: 2621440
ewww_image_optimizer_admin_init: 8650752
ewww_image_optimizer_init: 8650752
ewww_image_optimizer_cloud_init: 8912896
ewww_image_optimizer_init: 8912896
ewww_image_optimizer_exec_init: 8912896
ewww_image_optimizer_admin_init: 8912896
ewww_image_optimizer_exec_check: 9437184
ewww_image_optimizer_safemode_check: 9437184
ewww_image_optimizer_md5check: 9437184
ewww_image_optimizer_mimetype: 9437184
ewww_image_optimizer_md5check: 9437184
ewww_image_optimizer_mimetype: 9437184
ewww_image_optimizer_md5check: 9437184
ewww_image_optimizer_mimetype: 9437184
ewww_image_optimizer_tool_found: 9437184
ewww_image_optimizer_tool_found: 9437184
ewww_image_optimizer_tool_found: 9437184
ewww_image_optimizer_tool_found: 9437184
ewww_image_optimizer_tool_found: 9437184
ewww_image_optimizer_tool_found: 9437184
ewww_image_optimizer_tool_found: 9437184
ewww_image_optimizer_tool_found: 9437184
ewww_image_optimizer_tool_found: 9437184
ewww_image_optimizer_tool_found: 9437184
ewww_image_optimizer_md5check: 9437184
ewww_image_optimizer_mimetype: 9437184
ewww_image_optimizer_md5check: 9437184
ewww_image_optimizer_mimetype: 9437184
ewww_image_optimizer_path_check: 9437184
ewww_image_optimizer_progressbar_style: 9437184
15-01-18 08:22:02.000000  plugin load: 2621440
ewww_image_optimizer_admin_init: 8650752
ewww_image_optimizer_init: 8650752
ewww_image_optimizer_cloud_init: 8912896
ewww_image_optimizer_init: 8912896
ewww_image_optimizer_exec_init: 8912896
ewww_image_optimizer_admin_init: 8912896
ewww_image_optimizer_exec_check: 9175040
ewww_image_optimizer_safemode_check: 9175040
ewww_image_optimizer_md5check: 9175040
ewww_image_optimizer_mimetype: 9175040
ewww_image_optimizer_md5check: 9175040
ewww_image_optimizer_mimetype: 9175040
ewww_image_optimizer_md5check: 9175040
ewww_image_optimizer_mimetype: 9175040
ewww_image_optimizer_tool_found: 9175040
ewww_image_optimizer_tool_found: 9175040
ewww_image_optimizer_tool_found: 9175040
ewww_image_optimizer_tool_found: 9175040
ewww_image_optimizer_tool_found: 9175040
ewww_image_optimizer_tool_found: 9175040
ewww_image_optimizer_tool_found: 9175040
ewww_image_optimizer_tool_found: 9175040
ewww_image_optimizer_tool_found: 9175040
ewww_image_optimizer_tool_found: 9175040
ewww_image_optimizer_md5check: 9175040
ewww_image_optimizer_mimetype: 9175040
ewww_image_optimizer_md5check: 9175040
ewww_image_optimizer_mimetype: 9175040
ewww_image_optimizer_path_check: 9175040
15-01-18 08:22:03.000000  plugin load: 2621440
ewww_image_optimizer_admin_init: 8912896
ewww_image_optimizer_init: 8912896
ewww_image_optimizer_cloud_init: 9175040
ewww_image_optimizer_init: 9175040
ewww_image_optimizer_exec_init: 9175040
ewww_image_optimizer_admin_init: 9175040
ewww_image_optimizer_exec_check: 9175040
ewww_image_optimizer_safemode_check: 9175040
ewww_image_optimizer_md5check: 9175040
ewww_image_optimizer_mimetype: 9175040
ewww_image_optimizer_md5check: 9175040
ewww_image_optimizer_mimetype: 9175040
ewww_image_optimizer_md5check: 9175040
ewww_image_optimizer_mimetype: 9175040
ewww_image_optimizer_tool_found: 9175040
ewww_image_optimizer_tool_found: 9175040
ewww_image_optimizer_tool_found: 9175040
ewww_image_optimizer_tool_found: 9175040
ewww_image_optimizer_tool_found: 9175040
ewww_image_optimizer_tool_found: 9175040
ewww_image_optimizer_tool_found: 9175040
ewww_image_optimizer_tool_found: 9175040
ewww_image_optimizer_tool_found: 9175040
ewww_image_optimizer_tool_found: 9175040
ewww_image_optimizer_md5check: 9175040
ewww_image_optimizer_mimetype: 9175040
ewww_image_optimizer_md5check: 9175040
ewww_image_optimizer_mimetype: 9175040
ewww_image_optimizer_path_check: 9175040
ewww_image_optimizer_progressbar_style: 9437184
15-01-18 08:22:07.000000  plugin load: 2621440
ewww_image_optimizer_admin_init: 8912896
ewww_image_optimizer_init: 8912896
ewww_image_optimizer_cloud_init: 9175040
ewww_image_optimizer_init: 9175040
ewww_image_optimizer_exec_init: 9175040
ewww_image_optimizer_admin_init: 9175040
ewww_image_optimizer_exec_check: 9175040
ewww_image_optimizer_safemode_check: 9175040
ewww_image_optimizer_md5check: 9175040
ewww_image_optimizer_mimetype: 9175040
ewww_image_optimizer_md5check: 9175040
ewww_image_optimizer_mimetype: 9175040
ewww_image_optimizer_md5check: 9175040
ewww_image_optimizer_mimetype: 9175040
ewww_image_optimizer_tool_found: 9175040
ewww_image_optimizer_tool_found: 9175040
ewww_image_optimizer_tool_found: 9175040
ewww_image_optimizer_tool_found: 9175040
ewww_image_optimizer_tool_found: 9175040
ewww_image_optimizer_tool_found: 9175040
ewww_image_optimizer_tool_found: 9175040
ewww_image_optimizer_tool_found: 9175040
ewww_image_optimizer_tool_found: 9175040
ewww_image_optimizer_tool_found: 9175040
ewww_image_optimizer_md5check: 9175040
ewww_image_optimizer_mimetype: 9175040
ewww_image_optimizer_md5check: 9175040
ewww_image_optimizer_mimetype: 9175040
ewww_image_optimizer_path_check: 9175040
15-01-18 08:22:08.000000  plugin load: 2621440
ewww_image_optimizer_admin_init: 5242880
ewww_image_optimizer_init: 5242880
ewww_image_optimizer_cloud_init: 5505024
ewww_image_optimizer_init: 5505024
ewww_image_optimizer_exec_init: 5505024
ewww_image_optimizer_admin_init: 5505024
ewww_image_optimizer_exec_check: 5505024
ewww_image_optimizer_safemode_check: 5505024
ewww_image_optimizer_md5check: 5505024
ewww_image_optimizer_mimetype: 5505024
ewww_image_optimizer_md5check: 5505024
ewww_image_optimizer_mimetype: 5505024
ewww_image_optimizer_md5check: 5505024
ewww_image_optimizer_mimetype: 5505024
ewww_image_optimizer_tool_found: 5505024
ewww_image_optimizer_tool_found: 5505024
ewww_image_optimizer_tool_found: 5505024
ewww_image_optimizer_tool_found: 5505024
ewww_image_optimizer_tool_found: 5505024
ewww_image_optimizer_tool_found: 5505024
ewww_image_optimizer_tool_found: 5505024
ewww_image_optimizer_tool_found: 5505024
ewww_image_optimizer_tool_found: 5505024
ewww_image_optimizer_tool_found: 5505024
ewww_image_optimizer_md5check: 5505024
ewww_image_optimizer_mimetype: 5505024
ewww_image_optimizer_md5check: 5505024
ewww_image_optimizer_mimetype: 5505024
ewww_image_optimizer_path_check: 5505024
ewww_image_optimizer_progressbar_style: 5505024
15-01-18 08:22:19.000000  plugin load: 2621440
ewww_image_optimizer_admin_init: 4980736
ewww_image_optimizer_init: 4980736
ewww_image_optimizer_cloud_init: 5242880
ewww_image_optimizer_init: 5242880
ewww_image_optimizer_exec_init: 5242880
ewww_image_optimizer_admin_init: 5242880
ewww_image_optimizer_progressbar_style: 5505024
15-01-18 08:23:27.000000  plugin load: 2621440
ewww_image_optimizer_admin_init: 5242880
ewww_image_optimizer_init: 5242880
ewww_image_optimizer_cloud_init: 5505024
ewww_image_optimizer_init: 5505024
ewww_image_optimizer_exec_init: 5505024
ewww_image_optimizer_admin_init: 5505024
ewww_image_optimizer_exec_check: 5505024
ewww_image_optimizer_safemode_check: 5505024
ewww_image_optimizer_md5check: 5505024
ewww_image_optimizer_mimetype: 5505024
ewww_image_optimizer_md5check: 5505024
ewww_image_optimizer_mimetype: 5505024
ewww_image_optimizer_md5check: 5505024
ewww_image_optimizer_mimetype: 5505024
ewww_image_optimizer_tool_found: 5505024
ewww_image_optimizer_tool_found: 5505024
ewww_image_optimizer_tool_found: 5505024
ewww_image_optimizer_tool_found: 5505024
ewww_image_optimizer_tool_found: 5505024
ewww_image_optimizer_tool_found: 5505024
ewww_image_optimizer_tool_found: 5505024
ewww_image_optimizer_tool_found: 5505024
ewww_image_optimizer_tool_found: 5505024
ewww_image_optimizer_tool_found: 5505024
ewww_image_optimizer_md5check: 5505024
ewww_image_optimizer_mimetype: 5505024
ewww_image_optimizer_md5check: 5505024
ewww_image_optimizer_mimetype: 5505024
ewww_image_optimizer_path_check: 5505024
ewww_image_optimizer_progressbar_style: 5767168
15-01-18 08:24:28.000000  plugin load: 2621440
ewww_image_optimizer_admin_init: 4980736
ewww_image_optimizer_init: 4980736
ewww_image_optimizer_cloud_init: 5242880
ewww_image_optimizer_init: 5242880
ewww_image_optimizer_exec_init: 5242880
ewww_image_optimizer_admin_init: 5242880
15-01-18 08:24:45.000000  plugin load: 2621440
ewww_image_optimizer_admin_init: 5242880
ewww_image_optimizer_init: 5242880
ewww_image_optimizer_cloud_init: 5505024
ewww_image_optimizer_init: 5505024
ewww_image_optimizer_exec_init: 5505024
ewww_image_optimizer_admin_init: 5505024
ewww_image_optimizer_exec_check: 6029312
ewww_image_optimizer_safemode_check: 6029312
ewww_image_optimizer_md5check: 6029312
ewww_image_optimizer_mimetype: 6029312
ewww_image_optimizer_md5check: 6029312
ewww_image_optimizer_mimetype: 6029312
ewww_image_optimizer_md5check: 6029312
ewww_image_optimizer_mimetype: 6029312
ewww_image_optimizer_tool_found: 6029312
ewww_image_optimizer_tool_found: 6029312
ewww_image_optimizer_tool_found: 6029312
ewww_image_optimizer_tool_found: 6029312
ewww_image_optimizer_tool_found: 6029312
ewww_image_optimizer_tool_found: 6029312
ewww_image_optimizer_tool_found: 6029312
ewww_image_optimizer_tool_found: 6029312
ewww_image_optimizer_tool_found: 6029312
ewww_image_optimizer_tool_found: 6029312
ewww_image_optimizer_md5check: 6029312
ewww_image_optimizer_mimetype: 6029312
ewww_image_optimizer_md5check: 6029312
ewww_image_optimizer_mimetype: 6029312
ewww_image_optimizer_path_check: 6029312
15-01-18 08:24:46.000000  plugin load: 2621440
ewww_image_optimizer_admin_init: 4980736
ewww_image_optimizer_init: 4980736
ewww_image_optimizer_cloud_init: 5242880
ewww_image_optimizer_init: 5242880
ewww_image_optimizer_exec_init: 5242880
ewww_image_optimizer_admin_init: 5242880
ewww_image_optimizer_exec_check: 5242880
ewww_image_optimizer_safemode_check: 5242880
ewww_image_optimizer_md5check: 5242880
ewww_image_optimizer_mimetype: 5242880
ewww_image_optimizer_md5check: 5242880
ewww_image_optimizer_mimetype: 5242880
ewww_image_optimizer_md5check: 5242880
ewww_image_optimizer_mimetype: 5242880
ewww_image_optimizer_tool_found: 5242880
ewww_image_optimizer_tool_found: 5242880
ewww_image_optimizer_tool_found: 5242880
ewww_image_optimizer_tool_found: 5242880
ewww_image_optimizer_tool_found: 5242880
ewww_image_optimizer_tool_found: 5242880
ewww_image_optimizer_tool_found: 5242880
ewww_image_optimizer_tool_found: 5242880
ewww_image_optimizer_tool_found: 5242880
ewww_image_optimizer_tool_found: 5242880
ewww_image_optimizer_md5check: 5242880
ewww_image_optimizer_mimetype: 5242880
ewww_image_optimizer_md5check: 5242880
ewww_image_optimizer_mimetype: 5242880
ewww_image_optimizer_path_check: 5242880
ewww_image_optimizer_progressbar_style: 5505024
15-01-18 08:25:47.000000  plugin load: 2621440
ewww_image_optimizer_admin_init: 4718592
ewww_image_optimizer_init: 4718592
ewww_image_optimizer_cloud_init: 5242880
ewww_image_optimizer_init: 5242880
ewww_image_optimizer_exec_init: 5242880
ewww_image_optimizer_admin_init: 5242880
15-01-18 08:26:47.000000  plugin load: 2621440
ewww_image_optimizer_admin_init: 4718592
ewww_image_optimizer_init: 4718592
ewww_image_optimizer_cloud_init: 5242880
ewww_image_optimizer_init: 5242880
ewww_image_optimizer_exec_init: 5242880
ewww_image_optimizer_admin_init: 5242880
15-01-18 08:27:47.000000  plugin load: 2621440
ewww_image_optimizer_admin_init: 4718592
ewww_image_optimizer_init: 4718592
ewww_image_optimizer_cloud_init: 5242880
ewww_image_optimizer_init: 5242880
ewww_image_optimizer_exec_init: 5242880
ewww_image_optimizer_admin_init: 5242880
15-01-18 08:28:21.000000  plugin load: 2621440
ewww_image_optimizer_admin_init: 4980736
ewww_image_optimizer_init: 4980736
ewww_image_optimizer_cloud_init: 5242880
ewww_image_optimizer_init: 5242880
ewww_image_optimizer_exec_init: 5242880
ewww_image_optimizer_admin_init: 5242880
ewww_image_optimizer_exec_check: 5242880
ewww_image_optimizer_safemode_check: 5242880
ewww_image_optimizer_md5check: 5242880
ewww_image_optimizer_mimetype: 5242880
ewww_image_optimizer_md5check: 5242880
ewww_image_optimizer_mimetype: 5242880
ewww_image_optimizer_md5check: 5242880
ewww_image_optimizer_mimetype: 5242880
ewww_image_optimizer_tool_found: 5242880
ewww_image_optimizer_tool_found: 5242880
ewww_image_optimizer_tool_found: 5242880
ewww_image_optimizer_tool_found: 5242880
ewww_image_optimizer_tool_found: 5242880
ewww_image_optimizer_tool_found: 5242880
ewww_image_optimizer_tool_found: 5242880
ewww_image_optimizer_tool_found: 5242880
ewww_image_optimizer_tool_found: 5242880
ewww_image_optimizer_tool_found: 5242880
ewww_image_optimizer_md5check: 5242880
ewww_image_optimizer_mimetype: 5242880
ewww_image_optimizer_md5check: 5242880
ewww_image_optimizer_mimetype: 5242880
ewww_image_optimizer_path_check: 5242880
ewww_image_optimizer_progressbar_style: 5505024
15-01-18 08:29:06.000000  plugin load: 2621440
ewww_image_optimizer_admin_init: 4980736
ewww_image_optimizer_init: 4980736
ewww_image_optimizer_cloud_init: 5242880
ewww_image_optimizer_init: 5242880
ewww_image_optimizer_exec_init: 5242880
ewww_image_optimizer_admin_init: 5242880
ewww_image_optimizer_exec_check: 5505024
ewww_image_optimizer_safemode_check: 5505024
ewww_image_optimizer_md5check: 5505024
ewww_image_optimizer_mimetype: 5505024
ewww_image_optimizer_md5check: 5505024
ewww_image_optimizer_mimetype: 5505024
ewww_image_optimizer_md5check: 5505024
ewww_image_optimizer_mimetype: 5505024
ewww_image_optimizer_tool_found: 5505024
ewww_image_optimizer_tool_found: 5505024
ewww_image_optimizer_tool_found: 5505024
ewww_image_optimizer_tool_found: 5505024
ewww_image_optimizer_tool_found: 5505024
ewww_image_optimizer_tool_found: 5505024
ewww_image_optimizer_tool_found: 5505024
ewww_image_optimizer_tool_found: 5505024
ewww_image_optimizer_tool_found: 5505024
ewww_image_optimizer_tool_found: 5505024
ewww_image_optimizer_md5check: 5505024
ewww_image_optimizer_mimetype: 5505024
ewww_image_optimizer_md5check: 5505024
ewww_image_optimizer_mimetype: 5505024
ewww_image_optimizer_path_check: 5505024
ewww_image_optimizer_progressbar_style: 5505024
15-01-18 08:30:09.000000  plugin load: 2621440
ewww_image_optimizer_admin_init: 4718592
ewww_image_optimizer_init: 4718592
ewww_image_optimizer_cloud_init: 5242880
ewww_image_optimizer_init: 5242880
ewww_image_optimizer_exec_init: 5242880
ewww_image_optimizer_admin_init: 5242880
15-01-18 08:30:43.000000  plugin load: 2621440
ewww_image_optimizer_admin_init: 4980736
ewww_image_optimizer_init: 4980736
ewww_image_optimizer_cloud_init: 5242880
ewww_image_optimizer_init: 5242880
ewww_image_optimizer_exec_init: 5242880
ewww_image_optimizer_admin_init: 5242880
ewww_image_optimizer_exec_check: 5767168
ewww_image_optimizer_safemode_check: 5767168
ewww_image_optimizer_md5check: 5767168
ewww_image_optimizer_mimetype: 5767168
ewww_image_optimizer_md5check: 5767168
ewww_image_optimizer_mimetype: 5767168
ewww_image_optimizer_md5check: 5767168
ewww_image_optimizer_mimetype: 5767168
ewww_image_optimizer_tool_found: 5767168
ewww_image_optimizer_tool_found: 5767168
ewww_image_optimizer_tool_found: 5767168
ewww_image_optimizer_tool_found: 5767168
ewww_image_optimizer_tool_found: 5767168
ewww_image_optimizer_tool_found: 5767168
ewww_image_optimizer_tool_found: 5767168
ewww_image_optimizer_tool_found: 5767168
ewww_image_optimizer_tool_found: 5767168
ewww_image_optimizer_tool_found: 5767168
ewww_image_optimizer_md5check: 5767168
ewww_image_optimizer_mimetype: 5767168
ewww_image_optimizer_md5check: 5767168
ewww_image_optimizer_mimetype: 5767168
ewww_image_optimizer_path_check: 5767168
15-01-18 08:30:51.000000  plugin load: 2621440
ewww_image_optimizer_attachment_path: 4456448
ewww_image_optimizer_attachment_path: 4456448
ewww_image_optimizer_attachment_path: 4456448
ewww_image_optimizer_attachment_path: 4456448
ewww_image_optimizer_attachment_path: 4456448
ewww_image_optimizer_attachment_path: 4456448
15-01-18 08:31:00.000000  plugin load: 2621440
ewww_image_optimizer_admin_init: 9699328
ewww_image_optimizer_init: 9699328
ewww_image_optimizer_cloud_init: 9961472
ewww_image_optimizer_init: 9961472
ewww_image_optimizer_exec_init: 9961472
ewww_image_optimizer_admin_init: 9961472
ewww_image_optimizer_exec_check: 10223616
ewww_image_optimizer_safemode_check: 10223616
ewww_image_optimizer_md5check: 10223616
ewww_image_optimizer_mimetype: 10223616
ewww_image_optimizer_md5check: 10223616
ewww_image_optimizer_mimetype: 10223616
ewww_image_optimizer_md5check: 10223616
ewww_image_optimizer_mimetype: 10223616
ewww_image_optimizer_tool_found: 10223616
ewww_image_optimizer_tool_found: 10223616
ewww_image_optimizer_tool_found: 10223616
ewww_image_optimizer_tool_found: 10223616
ewww_image_optimizer_tool_found: 10223616
ewww_image_optimizer_tool_found: 10223616
ewww_image_optimizer_tool_found: 10223616
ewww_image_optimizer_tool_found: 10223616
ewww_image_optimizer_tool_found: 10223616
ewww_image_optimizer_tool_found: 10223616
ewww_image_optimizer_md5check: 10223616
ewww_image_optimizer_mimetype: 10223616
ewww_image_optimizer_md5check: 10223616
ewww_image_optimizer_mimetype: 10223616
ewww_image_optimizer_path_check: 10223616
ewww_image_optimizer_progressbar_style: 10223616
15-01-18 08:31:59.000000  plugin load: 2621440
ewww_image_optimizer_admin_init: 4980736
ewww_image_optimizer_init: 4980736
ewww_image_optimizer_cloud_init: 5242880
ewww_image_optimizer_init: 5242880
ewww_image_optimizer_exec_init: 5242880
ewww_image_optimizer_admin_init: 5242880
ewww_image_optimizer_progressbar_style: 6029312
15-01-18 08:32:03.000000  plugin load: 2621440
ewww_image_optimizer_admin_init: 4980736
ewww_image_optimizer_init: 4980736
ewww_image_optimizer_cloud_init: 5242880
ewww_image_optimizer_init: 5242880
ewww_image_optimizer_exec_init: 5242880
ewww_image_optimizer_admin_init: 5242880
ewww_image_optimizer_progressbar_style: 5767168
15-01-18 08:32:04.000000  plugin load: 2621440
ewww_image_optimizer_admin_init: 4980736
ewww_image_optimizer_init: 4980736
ewww_image_optimizer_cloud_init: 5242880
ewww_image_optimizer_init: 5242880
ewww_image_optimizer_exec_init: 5242880
ewww_image_optimizer_admin_init: 5242880
15-01-18 08:32:20.000000  plugin load: 2621440
ewww_image_optimizer_admin_init: 4980736
ewww_image_optimizer_init: 4980736
ewww_image_optimizer_cloud_init: 5242880
ewww_image_optimizer_init: 5242880
ewww_image_optimizer_exec_init: 5242880
ewww_image_optimizer_admin_init: 5242880
15-01-18 08:32:24.000000  plugin load: 2621440
ewww_image_optimizer_admin_init: 4980736
ewww_image_optimizer_init: 4980736
ewww_image_optimizer_cloud_init: 5242880
ewww_image_optimizer_init: 5242880
ewww_image_optimizer_exec_init: 5242880
ewww_image_optimizer_admin_init: 5242880
15-01-18 08:32:40.000000  plugin load: 2621440
15-01-18 08:32:42.000000  plugin load: 2621440
15-01-18 08:32:44.000000  plugin load: 2621440
15-01-18 08:32:49.000000  plugin load: 2621440
15-01-18 08:32:50.000000  plugin load: 2621440
15-01-18 08:32:51.000000  plugin load: 2621440
15-01-18 08:32:52.000000  plugin load: 2621440
15-01-18 08:33:06.000000  plugin load: 2621440
ewww_image_optimizer_admin_init: 4980736
ewww_image_optimizer_init: 4980736
ewww_image_optimizer_cloud_init: 5242880
ewww_image_optimizer_init: 5242880
ewww_image_optimizer_exec_init: 5242880
ewww_image_optimizer_admin_init: 5242880
15-01-18 08:34:20.000000  plugin load: 2621440
15-01-18 08:35:07.000000  plugin load: 2621440
ewww_image_optimizer_admin_init: 4980736
ewww_image_optimizer_init: 4980736
ewww_image_optimizer_cloud_init: 5242880
ewww_image_optimizer_init: 5242880
ewww_image_optimizer_exec_init: 5242880
ewww_image_optimizer_admin_init: 5242880
15-01-18 08:35:43.000000  plugin load: 2621440
15-01-18 08:36:18.000000  plugin load: 2621440
15-01-18 08:36:52.000000  plugin load: 2621440
15-01-18 08:37:07.000000  plugin load: 2621440
ewww_image_optimizer_admin_init: 4980736
ewww_image_optimizer_init: 4980736
ewww_image_optimizer_cloud_init: 5242880
ewww_image_optimizer_init: 5242880
ewww_image_optimizer_exec_init: 5242880
ewww_image_optimizer_admin_init: 5242880
15-01-18 08:37:15.000000  plugin load: 2621440
15-01-18 08:37:41.000000  plugin load: 2621440
15-01-18 08:38:44.000000  plugin load: 2621440
ewww_image_optimizer_admin_init: 4980736
ewww_image_optimizer_init: 4980736
ewww_image_optimizer_cloud_init: 5242880
ewww_image_optimizer_init: 5242880
ewww_image_optimizer_exec_init: 5242880
ewww_image_optimizer_admin_init: 5242880
15-01-18 08:39:02.000000  plugin load: 2621440
ewww_image_optimizer_admin_init: 5505024
ewww_image_optimizer_init: 5505024
ewww_image_optimizer_cloud_init: 6029312
ewww_image_optimizer_init: 6029312
ewww_image_optimizer_exec_init: 6029312
ewww_image_optimizer_admin_init: 6029312
ewww_image_optimizer_exec_check: 6029312
ewww_image_optimizer_safemode_check: 6029312
ewww_image_optimizer_md5check: 6029312
ewww_image_optimizer_mimetype: 6029312
ewww_image_optimizer_md5check: 6029312
ewww_image_optimizer_mimetype: 6029312
ewww_image_optimizer_md5check: 6029312
ewww_image_optimizer_mimetype: 6029312
ewww_image_optimizer_tool_found: 6029312
ewww_image_optimizer_tool_found: 6029312
ewww_image_optimizer_tool_found: 6029312
ewww_image_optimizer_tool_found: 6029312
ewww_image_optimizer_tool_found: 6029312
ewww_image_optimizer_tool_found: 6029312
ewww_image_optimizer_tool_found: 6029312
ewww_image_optimizer_tool_found: 6029312
ewww_image_optimizer_tool_found: 6029312
ewww_image_optimizer_tool_found: 6029312
ewww_image_optimizer_md5check: 6029312
ewww_image_optimizer_mimetype: 6029312
ewww_image_optimizer_md5check: 6029312
ewww_image_optimizer_mimetype: 6029312
ewww_image_optimizer_path_check: 6029312
ewww_image_optimizer_progressbar_style: 6029312
15-01-18 08:39:03.000000  plugin load: 2621440
ewww_image_optimizer_admin_init: 4980736
ewww_image_optimizer_init: 4980736
ewww_image_optimizer_cloud_init: 5242880
ewww_image_optimizer_init: 5242880
ewww_image_optimizer_exec_init: 5242880
ewww_image_optimizer_admin_init: 5242880
15-01-18 08:39:29.000000  plugin load: 2621440
ewww_image_optimizer_admin_init: 4980736
ewww_image_optimizer_init: 4980736
ewww_image_optimizer_cloud_init: 5505024
ewww_image_optimizer_init: 5505024
ewww_image_optimizer_exec_init: 5505024
ewww_image_optimizer_admin_init: 5505024
ewww_image_optimizer_exec_check: 5505024
ewww_image_optimizer_safemode_check: 5505024
ewww_image_optimizer_md5check: 5505024
ewww_image_optimizer_mimetype: 5505024
ewww_image_optimizer_md5check: 5505024
ewww_image_optimizer_mimetype: 5505024
ewww_image_optimizer_md5check: 5505024
ewww_image_optimizer_mimetype: 5505024
ewww_image_optimizer_tool_found: 5505024
ewww_image_optimizer_tool_found: 5505024
ewww_image_optimizer_tool_found: 5505024
ewww_image_optimizer_tool_found: 5505024
ewww_image_optimizer_tool_found: 5505024
ewww_image_optimizer_tool_found: 5505024
ewww_image_optimizer_tool_found: 5505024
ewww_image_optimizer_tool_found: 5505024
ewww_image_optimizer_tool_found: 5505024
ewww_image_optimizer_tool_found: 5505024
ewww_image_optimizer_md5check: 5505024
ewww_image_optimizer_mimetype: 5505024
ewww_image_optimizer_md5check: 5505024
ewww_image_optimizer_mimetype: 5505024
ewww_image_optimizer_path_check: 5505024
15-01-18 08:39:46.000000  plugin load: 2621440
ewww_image_optimizer_admin_init: 4980736
ewww_image_optimizer_init: 4980736
ewww_image_optimizer_cloud_init: 5242880
ewww_image_optimizer_init: 5242880
ewww_image_optimizer_exec_init: 5242880
ewww_image_optimizer_admin_init: 5242880
ewww_image_optimizer_exec_check: 5505024
ewww_image_optimizer_safemode_check: 5505024
ewww_image_optimizer_md5check: 5505024
ewww_image_optimizer_mimetype: 5505024
ewww_image_optimizer_md5check: 5505024
ewww_image_optimizer_mimetype: 5505024
ewww_image_optimizer_md5check: 5505024
ewww_image_optimizer_mimetype: 5505024
ewww_image_optimizer_tool_found: 5505024
ewww_image_optimizer_tool_found: 5505024
ewww_image_optimizer_tool_found: 5505024
ewww_image_optimizer_tool_found: 5505024
ewww_image_optimizer_tool_found: 5505024
ewww_image_optimizer_tool_found: 5505024
ewww_image_optimizer_tool_found: 5505024
ewww_image_optimizer_tool_found: 5505024
ewww_image_optimizer_tool_found: 5505024
ewww_image_optimizer_tool_found: 5505024
ewww_image_optimizer_md5check: 5505024
ewww_image_optimizer_mimetype: 5505024
ewww_image_optimizer_md5check: 5505024
ewww_image_optimizer_mimetype: 5505024
ewww_image_optimizer_path_check: 5505024
ewww_image_optimizer_progressbar_style: 5505024
15-01-18 08:39:54.000000  plugin load: 2621440
ewww_image_optimizer_admin_init: 4980736
ewww_image_optimizer_init: 4980736
ewww_image_optimizer_cloud_init: 5242880
ewww_image_optimizer_init: 5242880
ewww_image_optimizer_exec_init: 5242880
ewww_image_optimizer_admin_init: 5242880
ewww_image_optimizer_exec_check: 5242880
ewww_image_optimizer_safemode_check: 5242880
ewww_image_optimizer_md5check: 5242880
ewww_image_optimizer_mimetype: 5242880
ewww_image_optimizer_md5check: 5242880
ewww_image_optimizer_mimetype: 5242880
ewww_image_optimizer_md5check: 5242880
ewww_image_optimizer_mimetype: 5242880
ewww_image_optimizer_tool_found: 5242880
ewww_image_optimizer_tool_found: 5242880
ewww_image_optimizer_tool_found: 5242880
ewww_image_optimizer_tool_found: 5242880
ewww_image_optimizer_tool_found: 5242880
ewww_image_optimizer_tool_found: 5242880
ewww_image_optimizer_tool_found: 5242880
ewww_image_optimizer_tool_found: 5242880
ewww_image_optimizer_tool_found: 5242880
ewww_image_optimizer_tool_found: 5242880
ewww_image_optimizer_md5check: 5242880
ewww_image_optimizer_mimetype: 5242880
ewww_image_optimizer_md5check: 5242880
ewww_image_optimizer_mimetype: 5242880
ewww_image_optimizer_path_check: 5242880
ewww_image_optimizer_progressbar_style: 5505024
15-01-18 08:40:55.000000  plugin load: 2621440
ewww_image_optimizer_admin_init: 4718592
ewww_image_optimizer_init: 4718592
ewww_image_optimizer_cloud_init: 5242880
ewww_image_optimizer_init: 5242880
ewww_image_optimizer_exec_init: 5242880
ewww_image_optimizer_admin_init: 5242880
15-01-18 08:41:56.000000  plugin load: 2621440
ewww_image_optimizer_admin_init: 4718592
ewww_image_optimizer_init: 4718592
ewww_image_optimizer_cloud_init: 5242880
ewww_image_optimizer_init: 5242880
ewww_image_optimizer_exec_init: 5242880
ewww_image_optimizer_admin_init: 5242880
15-01-18 08:43:10.000000  plugin load: 2621440
15-01-18 08:43:17.000000  plugin load: 2621440
15-01-18 08:43:20.000000  plugin load: 2621440
15-01-18 08:51:17.000000  plugin load: 2621440
15-01-18 08:51:18.000000  plugin load: 2621440
15-01-18 08:51:22.000000  plugin load: 2621440
15-01-18 08:51:23.000000  plugin load: 2621440
15-01-18 08:51:25.000000  plugin load: 2621440
15-01-18 08:51:35.000000  plugin load: 2621440
15-01-18 08:53:04.000000  plugin load: 2621440
ewww_image_optimizer_admin_init: 4980736
ewww_image_optimizer_init: 4980736
ewww_image_optimizer_cloud_init: 5242880
ewww_image_optimizer_init: 5242880
ewww_image_optimizer_exec_init: 5242880
ewww_image_optimizer_admin_init: 5242880
ewww_image_optimizer_progressbar_style: 5242880
15-01-18 08:53:34.000000  plugin load: 2621440
ewww_image_optimizer_admin_init: 4980736
ewww_image_optimizer_init: 4980736
ewww_image_optimizer_cloud_init: 5242880
ewww_image_optimizer_init: 5242880
ewww_image_optimizer_exec_init: 5242880
ewww_image_optimizer_admin_init: 5242880
ewww_image_optimizer_exec_check: 5767168
ewww_image_optimizer_safemode_check: 5767168
ewww_image_optimizer_md5check: 5767168
ewww_image_optimizer_mimetype: 5767168
ewww_image_optimizer_md5check: 5767168
ewww_image_optimizer_mimetype: 5767168
ewww_image_optimizer_md5check: 5767168
ewww_image_optimizer_mimetype: 5767168
ewww_image_optimizer_tool_found: 5767168
ewww_image_optimizer_tool_found: 5767168
ewww_image_optimizer_tool_found: 5767168
ewww_image_optimizer_tool_found: 5767168
ewww_image_optimizer_tool_found: 5767168
ewww_image_optimizer_tool_found: 5767168
ewww_image_optimizer_tool_found: 5767168
ewww_image_optimizer_tool_found: 5767168
ewww_image_optimizer_tool_found: 5767168
ewww_image_optimizer_tool_found: 5767168
ewww_image_optimizer_md5check: 5767168
ewww_image_optimizer_mimetype: 5767168
ewww_image_optimizer_md5check: 5767168
ewww_image_optimizer_mimetype: 5767168
ewww_image_optimizer_path_check: 5767168
ewww_image_optimizer_progressbar_style: 5767168
15-01-18 08:53:45.000000  plugin load: 2621440
ewww_image_optimizer_admin_init: 4980736
ewww_image_optimizer_init: 4980736
ewww_image_optimizer_cloud_init: 5242880
ewww_image_optimizer_init: 5242880
ewww_image_optimizer_exec_init: 5242880
ewww_image_optimizer_admin_init: 5242880
ewww_image_optimizer_exec_check: 5242880
ewww_image_optimizer_safemode_check: 5242880
ewww_image_optimizer_md5check: 5242880
ewww_image_optimizer_mimetype: 5242880
ewww_image_optimizer_md5check: 5242880
ewww_image_optimizer_mimetype: 5242880
ewww_image_optimizer_md5check: 5242880
ewww_image_optimizer_mimetype: 5242880
ewww_image_optimizer_tool_found: 5242880
ewww_image_optimizer_tool_found: 5242880
ewww_image_optimizer_tool_found: 5242880
ewww_image_optimizer_tool_found: 5242880
ewww_image_optimizer_tool_found: 5242880
ewww_image_optimizer_tool_found: 5242880
ewww_image_optimizer_tool_found: 5242880
ewww_image_optimizer_tool_found: 5242880
ewww_image_optimizer_tool_found: 5242880
ewww_image_optimizer_tool_found: 5242880
ewww_image_optimizer_md5check: 5242880
ewww_image_optimizer_mimetype: 5242880
ewww_image_optimizer_md5check: 5242880
ewww_image_optimizer_mimetype: 5242880
ewww_image_optimizer_path_check: 5242880
15-01-18 08:53:47.000000  plugin load: 2621440
ewww_image_optimizer_admin_init: 5505024
ewww_image_optimizer_init: 5505024
ewww_image_optimizer_cloud_init: 5767168
ewww_image_optimizer_init: 5767168
ewww_image_optimizer_exec_init: 5767168
ewww_image_optimizer_admin_init: 5767168
ewww_image_optimizer_exec_check: 6029312
ewww_image_optimizer_safemode_check: 6029312
ewww_image_optimizer_md5check: 6029312
ewww_image_optimizer_mimetype: 6029312
ewww_image_optimizer_md5check: 6029312
ewww_image_optimizer_mimetype: 6029312
ewww_image_optimizer_md5check: 6029312
ewww_image_optimizer_mimetype: 6029312
ewww_image_optimizer_tool_found: 6029312
ewww_image_optimizer_tool_found: 6029312
ewww_image_optimizer_tool_found: 6029312
ewww_image_optimizer_tool_found: 6029312
ewww_image_optimizer_tool_found: 6029312
ewww_image_optimizer_tool_found: 6029312
ewww_image_optimizer_tool_found: 6029312
ewww_image_optimizer_tool_found: 6029312
ewww_image_optimizer_tool_found: 6029312
ewww_image_optimizer_tool_found: 6029312
ewww_image_optimizer_md5check: 6029312
ewww_image_optimizer_mimetype: 6029312
ewww_image_optimizer_md5check: 6029312
ewww_image_optimizer_mimetype: 6029312
ewww_image_optimizer_path_check: 6029312
ewww_image_optimizer_progressbar_style: 6291456
15-01-18 08:54:01.000000  plugin load: 2621440
ewww_image_optimizer_admin_init: 5505024
ewww_image_optimizer_init: 5505024
ewww_image_optimizer_cloud_init: 5767168
ewww_image_optimizer_init: 5767168
ewww_image_optimizer_exec_init: 5767168
ewww_image_optimizer_admin_init: 5767168
ewww_image_optimizer_progressbar_style: 5767168
15-01-18 08:54:02.000000  plugin load: 2621440
ewww_image_optimizer_admin_init: 4980736
ewww_image_optimizer_init: 4980736
ewww_image_optimizer_cloud_init: 5505024
ewww_image_optimizer_init: 5505024
ewww_image_optimizer_exec_init: 5505024
ewww_image_optimizer_admin_init: 5505024
15-01-18 08:54:03.000000  plugin load: 2621440
15-01-18 08:54:03.000000  plugin load: 2621440
15-01-18 08:54:03.000000  plugin load: 2621440
15-01-18 08:54:03.000000  plugin load: 2621440
ewww_image_optimizer_admin_init: 5242880
ewww_image_optimizer_init: 5242880
ewww_image_optimizer_cloud_init: 5505024
ewww_image_optimizer_init: 5505024
ewww_image_optimizer_exec_init: 5505024
ewww_image_optimizer_admin_init: 5505024
15-01-18 08:54:59.000000  plugin load: 2621440
ewww_image_optimizer_admin_init: 5505024
ewww_image_optimizer_init: 5505024
ewww_image_optimizer_cloud_init: 5767168
ewww_image_optimizer_init: 5767168
ewww_image_optimizer_exec_init: 5767168
ewww_image_optimizer_admin_init: 5767168
ewww_image_optimizer_progressbar_style: 7340032
15-01-18 08:55:00.000000  plugin load: 2621440
ewww_image_optimizer_admin_init: 5242880
ewww_image_optimizer_init: 5242880
ewww_image_optimizer_cloud_init: 5505024
ewww_image_optimizer_init: 5505024
ewww_image_optimizer_exec_init: 5505024
ewww_image_optimizer_admin_init: 5505024
15-01-18 08:55:37.000000  plugin load: 2621440
ewww_image_optimizer_admin_init: 5242880
ewww_image_optimizer_init: 5242880
ewww_image_optimizer_cloud_init: 5505024
ewww_image_optimizer_init: 5505024
ewww_image_optimizer_exec_init: 5505024
ewww_image_optimizer_admin_init: 5505024
15-01-18 08:55:37.000000  plugin load: 2621440
ewww_image_optimizer_admin_init: 5505024
ewww_image_optimizer_init: 5505024
ewww_image_optimizer_cloud_init: 5767168
ewww_image_optimizer_init: 5767168
ewww_image_optimizer_exec_init: 5767168
ewww_image_optimizer_admin_init: 5767168
ewww_image_optimizer_progressbar_style: 7340032
15-01-18 08:55:39.000000  plugin load: 2621440
ewww_image_optimizer_admin_init: 5242880
ewww_image_optimizer_init: 5242880
ewww_image_optimizer_cloud_init: 5505024
ewww_image_optimizer_init: 5505024
ewww_image_optimizer_exec_init: 5505024
ewww_image_optimizer_admin_init: 5505024
15-01-18 08:55:46.000000  plugin load: 2621440
ewww_image_optimizer_admin_init: 5505024
ewww_image_optimizer_init: 5505024
ewww_image_optimizer_cloud_init: 5767168
ewww_image_optimizer_init: 5767168
ewww_image_optimizer_exec_init: 5767168
ewww_image_optimizer_admin_init: 5767168
15-01-18 08:56:39.000000  plugin load: 2621440
ewww_image_optimizer_admin_init: 5242880
ewww_image_optimizer_init: 5242880
ewww_image_optimizer_cloud_init: 5505024
ewww_image_optimizer_init: 5505024
ewww_image_optimizer_exec_init: 5505024
ewww_image_optimizer_admin_init: 5505024
15-01-18 08:57:39.000000  plugin load: 2621440
ewww_image_optimizer_admin_init: 5242880
ewww_image_optimizer_init: 5242880
ewww_image_optimizer_cloud_init: 5505024
ewww_image_optimizer_init: 5505024
ewww_image_optimizer_exec_init: 5505024
ewww_image_optimizer_admin_init: 5505024
15-01-18 08:58:39.000000  plugin load: 2621440
ewww_image_optimizer_admin_init: 5242880
ewww_image_optimizer_init: 5242880
ewww_image_optimizer_cloud_init: 5505024
ewww_image_optimizer_init: 5505024
ewww_image_optimizer_exec_init: 5505024
ewww_image_optimizer_admin_init: 5505024
15-01-18 08:59:39.000000  plugin load: 2621440
ewww_image_optimizer_admin_init: 5242880
ewww_image_optimizer_init: 5242880
ewww_image_optimizer_cloud_init: 5505024
ewww_image_optimizer_init: 5505024
ewww_image_optimizer_exec_init: 5505024
ewww_image_optimizer_admin_init: 5505024
15-01-18 09:00:39.000000  plugin load: 2621440
ewww_image_optimizer_admin_init: 5242880
ewww_image_optimizer_init: 5242880
ewww_image_optimizer_cloud_init: 5505024
ewww_image_optimizer_init: 5505024
ewww_image_optimizer_exec_init: 5505024
ewww_image_optimizer_admin_init: 5505024
15-01-18 09:01:02.000000  plugin load: 2621440
ewww_image_optimizer_admin_init: 5505024
ewww_image_optimizer_init: 5505024
ewww_image_optimizer_cloud_init: 5767168
ewww_image_optimizer_init: 5767168
ewww_image_optimizer_exec_init: 5767168
ewww_image_optimizer_admin_init: 5767168
ewww_image_optimizer_progressbar_style: 7340032
15-01-18 09:01:03.000000  plugin load: 2621440
ewww_image_optimizer_admin_init: 5242880
ewww_image_optimizer_init: 5242880
ewww_image_optimizer_cloud_init: 5505024
ewww_image_optimizer_init: 5505024
ewww_image_optimizer_exec_init: 5505024
ewww_image_optimizer_admin_init: 5505024
15-01-18 09:01:07.000000  plugin load: 2621440
ewww_image_optimizer_admin_init: 5505024
ewww_image_optimizer_init: 5505024
ewww_image_optimizer_cloud_init: 5767168
ewww_image_optimizer_init: 5767168
ewww_image_optimizer_exec_init: 5767168
ewww_image_optimizer_admin_init: 5767168
ewww_image_optimizer_progressbar_style: 7340032
15-01-18 09:01:08.000000  plugin load: 2621440
ewww_image_optimizer_admin_init: 5242880
ewww_image_optimizer_init: 5242880
ewww_image_optimizer_cloud_init: 5505024
ewww_image_optimizer_init: 5505024
ewww_image_optimizer_exec_init: 5505024
ewww_image_optimizer_admin_init: 5505024
15-01-18 09:02:09.000000  plugin load: 2621440
ewww_image_optimizer_admin_init: 5242880
ewww_image_optimizer_init: 5242880
ewww_image_optimizer_cloud_init: 5505024
ewww_image_optimizer_init: 5505024
ewww_image_optimizer_exec_init: 5505024
ewww_image_optimizer_admin_init: 5505024
15-01-18 09:04:09.000000  plugin load: 2621440
ewww_image_optimizer_admin_init: 5242880
ewww_image_optimizer_init: 5242880
ewww_image_optimizer_cloud_init: 5505024
ewww_image_optimizer_init: 5505024
ewww_image_optimizer_exec_init: 5505024
ewww_image_optimizer_admin_init: 5505024
15-01-18 09:05:10.000000  plugin load: 2621440
ewww_image_optimizer_admin_init: 5242880
ewww_image_optimizer_init: 5242880
ewww_image_optimizer_cloud_init: 5505024
ewww_image_optimizer_init: 5505024
ewww_image_optimizer_exec_init: 5505024
ewww_image_optimizer_admin_init: 5505024
15-01-18 09:06:10.000000  plugin load: 2621440
ewww_image_optimizer_admin_init: 5242880
ewww_image_optimizer_init: 5242880
ewww_image_optimizer_cloud_init: 5505024
ewww_image_optimizer_init: 5505024
ewww_image_optimizer_exec_init: 5505024
ewww_image_optimizer_admin_init: 5505024
15-01-18 09:07:10.000000  plugin load: 2621440
ewww_image_optimizer_admin_init: 5242880
ewww_image_optimizer_init: 5242880
ewww_image_optimizer_cloud_init: 5505024
ewww_image_optimizer_init: 5505024
ewww_image_optimizer_exec_init: 5505024
ewww_image_optimizer_admin_init: 5505024
15-01-18 09:08:10.000000  plugin load: 2621440
ewww_image_optimizer_admin_init: 5242880
ewww_image_optimizer_init: 5242880
ewww_image_optimizer_cloud_init: 5505024
ewww_image_optimizer_init: 5505024
ewww_image_optimizer_exec_init: 5505024
ewww_image_optimizer_admin_init: 5505024
15-01-18 09:09:10.000000  plugin load: 2621440
ewww_image_optimizer_admin_init: 5242880
ewww_image_optimizer_init: 5242880
ewww_image_optimizer_cloud_init: 5505024
ewww_image_optimizer_init: 5505024
ewww_image_optimizer_exec_init: 5505024
ewww_image_optimizer_admin_init: 5505024
15-01-18 09:10:11.000000  plugin load: 2621440
ewww_image_optimizer_admin_init: 5242880
ewww_image_optimizer_init: 5242880
ewww_image_optimizer_cloud_init: 5505024
ewww_image_optimizer_init: 5505024
ewww_image_optimizer_exec_init: 5505024
ewww_image_optimizer_admin_init: 5505024
15-01-18 09:11:17.000000  plugin load: 2621440
ewww_image_optimizer_admin_init: 5242880
ewww_image_optimizer_init: 5242880
ewww_image_optimizer_cloud_init: 5505024
ewww_image_optimizer_init: 5505024
ewww_image_optimizer_exec_init: 5505024
ewww_image_optimizer_admin_init: 5505024
15-01-18 09:12:17.000000  plugin load: 2621440
ewww_image_optimizer_admin_init: 5242880
ewww_image_optimizer_init: 5242880
ewww_image_optimizer_cloud_init: 5505024
ewww_image_optimizer_init: 5505024
ewww_image_optimizer_exec_init: 5505024
ewww_image_optimizer_admin_init: 5505024
15-01-18 09:13:10.000000  plugin load: 2621440
ewww_image_optimizer_admin_init: 5505024
ewww_image_optimizer_init: 5505024
ewww_image_optimizer_cloud_init: 5767168
ewww_image_optimizer_init: 5767168
ewww_image_optimizer_exec_init: 5767168
ewww_image_optimizer_admin_init: 5767168
ewww_image_optimizer_exec_check: 6029312
ewww_image_optimizer_safemode_check: 6029312
ewww_image_optimizer_md5check: 6029312
ewww_image_optimizer_mimetype: 6029312
ewww_image_optimizer_md5check: 6029312
ewww_image_optimizer_mimetype: 6029312
ewww_image_optimizer_md5check: 6029312
ewww_image_optimizer_mimetype: 6029312
ewww_image_optimizer_tool_found: 6029312
ewww_image_optimizer_tool_found: 6029312
ewww_image_optimizer_tool_found: 6029312
ewww_image_optimizer_tool_found: 6029312
ewww_image_optimizer_tool_found: 6029312
ewww_image_optimizer_tool_found: 6029312
ewww_image_optimizer_tool_found: 6029312
ewww_image_optimizer_tool_found: 6029312
ewww_image_optimizer_tool_found: 6029312
ewww_image_optimizer_tool_found: 6029312
ewww_image_optimizer_md5check: 6029312
ewww_image_optimizer_mimetype: 6029312
ewww_image_optimizer_md5check: 6029312
ewww_image_optimizer_mimetype: 6029312
ewww_image_optimizer_path_check: 6029312
ewww_image_optimizer_progressbar_style: 7340032
15-01-18 09:14:14.000000  plugin load: 2621440
15-01-18 09:14:14.000000  plugin load: 2621440
ewww_image_optimizer_admin_init: 5505024
ewww_image_optimizer_init: 5505024
ewww_image_optimizer_cloud_init: 5767168
ewww_image_optimizer_init: 5767168
ewww_image_optimizer_exec_init: 5767168
ewww_image_optimizer_admin_init: 5767168
15-01-18 09:14:17.000000  plugin load: 2621440
ewww_image_optimizer_admin_init: 5505024
ewww_image_optimizer_init: 5505024
ewww_image_optimizer_cloud_init: 5767168
ewww_image_optimizer_init: 5767168
ewww_image_optimizer_exec_init: 5767168
ewww_image_optimizer_admin_init: 5767168
ewww_image_optimizer_exec_check: 6029312
ewww_image_optimizer_safemode_check: 6029312
ewww_image_optimizer_md5check: 6029312
ewww_image_optimizer_mimetype: 6029312
ewww_image_optimizer_md5check: 6029312
ewww_image_optimizer_mimetype: 6029312
ewww_image_optimizer_md5check: 6029312
ewww_image_optimizer_mimetype: 6029312
ewww_image_optimizer_tool_found: 6029312
ewww_image_optimizer_tool_found: 6029312
ewww_image_optimizer_tool_found: 6029312
ewww_image_optimizer_tool_found: 6029312
ewww_image_optimizer_tool_found: 6029312
ewww_image_optimizer_tool_found: 6029312
ewww_image_optimizer_tool_found: 6029312
ewww_image_optimizer_tool_found: 6029312
ewww_image_optimizer_tool_found: 6029312
ewww_image_optimizer_tool_found: 6029312
ewww_image_optimizer_md5check: 6029312
ewww_image_optimizer_mimetype: 6029312
ewww_image_optimizer_md5check: 6029312
ewww_image_optimizer_mimetype: 6029312
ewww_image_optimizer_path_check: 6029312
15-01-18 09:14:17.000000  plugin load: 2621440
ewww_image_optimizer_admin_init: 6815744
ewww_image_optimizer_init: 6815744
ewww_image_optimizer_cloud_init: 7077888
ewww_image_optimizer_init: 7077888
ewww_image_optimizer_exec_init: 7077888
ewww_image_optimizer_admin_init: 7077888
15-01-18 09:14:17.000000  plugin load: 2621440
ewww_image_optimizer_admin_init: 6815744
ewww_image_optimizer_init: 6815744
ewww_image_optimizer_cloud_init: 7077888
ewww_image_optimizer_init: 7077888
ewww_image_optimizer_exec_init: 7077888
ewww_image_optimizer_admin_init: 7077888
ewww_image_optimizer_progressbar_style: 7077888
15-01-18 09:15:19.000000  plugin load: 2621440
ewww_image_optimizer_admin_init: 6553600
ewww_image_optimizer_init: 6553600
ewww_image_optimizer_cloud_init: 6815744
ewww_image_optimizer_init: 6815744
ewww_image_optimizer_exec_init: 6815744
ewww_image_optimizer_admin_init: 6815744
15-01-18 09:15:30.000000  plugin load: 2621440
ewww_image_optimizer_admin_init: 6815744
ewww_image_optimizer_init: 6815744
ewww_image_optimizer_cloud_init: 7077888
ewww_image_optimizer_init: 7077888
ewww_image_optimizer_exec_init: 7077888
ewww_image_optimizer_admin_init: 7077888
ewww_image_optimizer_progressbar_style: 7077888
15-01-18 09:16:31.000000  plugin load: 2621440
ewww_image_optimizer_admin_init: 6553600
ewww_image_optimizer_init: 6553600
ewww_image_optimizer_cloud_init: 6815744
ewww_image_optimizer_init: 6815744
ewww_image_optimizer_exec_init: 6815744
ewww_image_optimizer_admin_init: 6815744
15-01-18 09:17:28.000000  plugin load: 2621440
15-01-18 09:17:28.000000  plugin load: 2621440
ewww_image_optimizer_admin_init: 6815744
ewww_image_optimizer_init: 6815744
ewww_image_optimizer_cloud_init: 7077888
ewww_image_optimizer_init: 7077888
ewww_image_optimizer_exec_init: 7077888
ewww_image_optimizer_admin_init: 7077888
ewww_image_optimizer_progressbar_style: 7077888
15-01-18 09:18:16.000000  plugin load: 2621440
ewww_image_optimizer_admin_init: 6553600
ewww_image_optimizer_init: 6553600
ewww_image_optimizer_cloud_init: 6815744
ewww_image_optimizer_init: 6815744
ewww_image_optimizer_exec_init: 6815744
ewww_image_optimizer_admin_init: 6815744
15-01-18 09:18:17.000000  plugin load: 2621440
15-01-18 09:18:17.000000  plugin load: 2621440
ewww_image_optimizer_admin_init: 6815744
ewww_image_optimizer_init: 6815744
ewww_image_optimizer_cloud_init: 7077888
ewww_image_optimizer_init: 7077888
ewww_image_optimizer_exec_init: 7077888
ewww_image_optimizer_admin_init: 7077888
ewww_image_optimizer_progressbar_style: 7077888
15-01-18 09:18:48.000000  plugin load: 2621440
ewww_image_optimizer_admin_init: 6815744
ewww_image_optimizer_init: 6815744
ewww_image_optimizer_cloud_init: 7077888
ewww_image_optimizer_init: 7077888
ewww_image_optimizer_exec_init: 7077888
ewww_image_optimizer_admin_init: 7077888
ewww_image_optimizer_progressbar_style: 7077888
15-01-18 09:18:56.000000  plugin load: 2621440
ewww_image_optimizer_admin_init: 6815744
ewww_image_optimizer_init: 6815744
ewww_image_optimizer_cloud_init: 7077888
ewww_image_optimizer_init: 7077888
ewww_image_optimizer_exec_init: 7077888
ewww_image_optimizer_admin_init: 7077888
ewww_image_optimizer_progressbar_style: 7602176
15-01-18 09:19:57.000000  plugin load: 2621440
ewww_image_optimizer_admin_init: 6553600
ewww_image_optimizer_init: 6553600
ewww_image_optimizer_cloud_init: 6815744
ewww_image_optimizer_init: 6815744
ewww_image_optimizer_exec_init: 6815744
ewww_image_optimizer_admin_init: 6815744
15-01-18 09:20:01.000000  plugin load: 2621440
ewww_image_optimizer_admin_init: 6553600
ewww_image_optimizer_init: 6553600
ewww_image_optimizer_cloud_init: 6815744
ewww_image_optimizer_init: 6815744
ewww_image_optimizer_exec_init: 6815744
ewww_image_optimizer_admin_init: 6815744
15-01-18 09:20:01.000000  plugin load: 2621440
ewww_image_optimizer_admin_init: 6815744
ewww_image_optimizer_init: 6815744
ewww_image_optimizer_cloud_init: 7077888
ewww_image_optimizer_init: 7077888
ewww_image_optimizer_exec_init: 7077888
ewww_image_optimizer_admin_init: 7077888
ewww_image_optimizer_progressbar_style: 7077888
15-01-18 09:20:12.000000  plugin load: 2621440
ewww_image_optimizer_admin_init: 6815744
ewww_image_optimizer_init: 6815744
ewww_image_optimizer_cloud_init: 7077888
ewww_image_optimizer_init: 7077888
ewww_image_optimizer_exec_init: 7077888
ewww_image_optimizer_admin_init: 7077888
ewww_image_optimizer_progressbar_style: 7077888
15-01-18 09:20:44.000000  plugin load: 2621440
ewww_image_optimizer_admin_init: 6553600
ewww_image_optimizer_init: 6553600
ewww_image_optimizer_cloud_init: 6815744
ewww_image_optimizer_init: 6815744
ewww_image_optimizer_exec_init: 6815744
ewww_image_optimizer_admin_init: 6815744
15-01-18 09:20:48.000000  plugin load: 2621440
ewww_image_optimizer_admin_init: 6553600
ewww_image_optimizer_init: 6553600
ewww_image_optimizer_cloud_init: 6815744
ewww_image_optimizer_init: 6815744
ewww_image_optimizer_exec_init: 6815744
ewww_image_optimizer_admin_init: 6815744
15-01-18 09:20:57.000000  plugin load: 2621440
ewww_image_optimizer_admin_init: 6553600
ewww_image_optimizer_init: 6553600
ewww_image_optimizer_cloud_init: 6815744
ewww_image_optimizer_init: 6815744
ewww_image_optimizer_exec_init: 6815744
ewww_image_optimizer_admin_init: 6815744
15-01-18 09:20:58.000000  plugin load: 2621440
ewww_image_optimizer_admin_init: 6815744
ewww_image_optimizer_init: 6815744
ewww_image_optimizer_cloud_init: 7077888
ewww_image_optimizer_init: 7077888
ewww_image_optimizer_exec_init: 7077888
ewww_image_optimizer_admin_init: 7077888
ewww_image_optimizer_progressbar_style: 7077888
15-01-18 09:21:10.000000  plugin load: 2621440
ewww_image_optimizer_admin_init: 6815744
ewww_image_optimizer_init: 6815744
ewww_image_optimizer_cloud_init: 7077888
ewww_image_optimizer_init: 7077888
ewww_image_optimizer_exec_init: 7077888
ewww_image_optimizer_admin_init: 7077888
ewww_image_optimizer_progressbar_style: 7077888
15-01-18 09:21:37.000000  plugin load: 2621440
ewww_image_optimizer_admin_init: 6815744
ewww_image_optimizer_init: 6815744
ewww_image_optimizer_cloud_init: 7077888
ewww_image_optimizer_init: 7077888
ewww_image_optimizer_exec_init: 7077888
ewww_image_optimizer_admin_init: 7077888
ewww_image_optimizer_progressbar_style: 7077888
15-01-18 09:22:38.000000  plugin load: 2621440
ewww_image_optimizer_admin_init: 6553600
ewww_image_optimizer_init: 6553600
ewww_image_optimizer_cloud_init: 6815744
ewww_image_optimizer_init: 6815744
ewww_image_optimizer_exec_init: 6815744
ewww_image_optimizer_admin_init: 6815744
15-01-18 09:23:38.000000  plugin load: 2621440
ewww_image_optimizer_admin_init: 6553600
ewww_image_optimizer_init: 6553600
ewww_image_optimizer_cloud_init: 6815744
ewww_image_optimizer_init: 6815744
ewww_image_optimizer_exec_init: 6815744
ewww_image_optimizer_admin_init: 6815744
15-01-18 09:24:38.000000  plugin load: 2621440
ewww_image_optimizer_admin_init: 6553600
ewww_image_optimizer_init: 6553600
ewww_image_optimizer_cloud_init: 6815744
ewww_image_optimizer_init: 6815744
ewww_image_optimizer_exec_init: 6815744
ewww_image_optimizer_admin_init: 6815744
15-01-18 09:25:38.000000  plugin load: 2621440
ewww_image_optimizer_admin_init: 6553600
ewww_image_optimizer_init: 6553600
ewww_image_optimizer_cloud_init: 6815744
ewww_image_optimizer_init: 6815744
ewww_image_optimizer_exec_init: 6815744
ewww_image_optimizer_admin_init: 6815744
15-01-18 09:25:53.000000  plugin load: 2621440
ewww_image_optimizer_admin_init: 6553600
ewww_image_optimizer_init: 6553600
ewww_image_optimizer_cloud_init: 6815744
ewww_image_optimizer_init: 6815744
ewww_image_optimizer_exec_init: 6815744
ewww_image_optimizer_admin_init: 6815744
15-01-18 09:25:53.000000  plugin load: 2621440
ewww_image_optimizer_admin_init: 6815744
ewww_image_optimizer_init: 6815744
ewww_image_optimizer_cloud_init: 7077888
ewww_image_optimizer_init: 7077888
ewww_image_optimizer_exec_init: 7077888
ewww_image_optimizer_admin_init: 7077888
ewww_image_optimizer_progressbar_style: 7077888
15-01-18 09:25:58.000000  plugin load: 2621440
ewww_image_optimizer_admin_init: 6815744
ewww_image_optimizer_init: 6815744
ewww_image_optimizer_cloud_init: 7077888
ewww_image_optimizer_init: 7077888
ewww_image_optimizer_exec_init: 7077888
ewww_image_optimizer_admin_init: 7077888
ewww_image_optimizer_progressbar_style: 7077888
15-01-18 09:26:02.000000  plugin load: 2621440
ewww_image_optimizer_admin_init: 6815744
ewww_image_optimizer_init: 6815744
ewww_image_optimizer_cloud_init: 7077888
ewww_image_optimizer_init: 7077888
ewww_image_optimizer_exec_init: 7077888
ewww_image_optimizer_admin_init: 7077888
ewww_image_optimizer_progressbar_style: 7077888
15-01-18 09:26:55.000000  plugin load: 2621440
ewww_image_optimizer_admin_init: 6815744
ewww_image_optimizer_init: 6815744
ewww_image_optimizer_cloud_init: 7077888
ewww_image_optimizer_init: 7077888
ewww_image_optimizer_exec_init: 7077888
ewww_image_optimizer_admin_init: 7077888
ewww_image_optimizer_progressbar_style: 7340032
15-01-18 09:27:02.000000  plugin load: 2621440
ewww_image_optimizer_admin_init: 6815744
ewww_image_optimizer_init: 6815744
ewww_image_optimizer_cloud_init: 7077888
ewww_image_optimizer_init: 7077888
ewww_image_optimizer_exec_init: 7077888
ewww_image_optimizer_admin_init: 7077888
ewww_image_optimizer_progressbar_style: 7077888
15-01-18 09:27:12.000000  plugin load: 2621440
ewww_image_optimizer_admin_init: 6815744
ewww_image_optimizer_init: 6815744
ewww_image_optimizer_cloud_init: 7077888
ewww_image_optimizer_init: 7077888
ewww_image_optimizer_exec_init: 7077888
ewww_image_optimizer_admin_init: 7077888
ewww_image_optimizer_progressbar_style: 7340032
15-01-18 09:27:22.000000  plugin load: 2621440
15-01-18 09:27:25.000000  plugin load: 2621440
ewww_image_optimizer_admin_init: 6815744
ewww_image_optimizer_init: 6815744
ewww_image_optimizer_cloud_init: 7077888
ewww_image_optimizer_init: 7077888
ewww_image_optimizer_exec_init: 7077888
ewww_image_optimizer_admin_init: 7077888
ewww_image_optimizer_progressbar_style: 7602176
15-01-18 09:27:27.000000  plugin load: 2621440
ewww_image_optimizer_admin_init: 6553600
ewww_image_optimizer_init: 6553600
ewww_image_optimizer_cloud_init: 6815744
ewww_image_optimizer_init: 6815744
ewww_image_optimizer_exec_init: 6815744
ewww_image_optimizer_admin_init: 6815744
15-01-18 09:27:29.000000  plugin load: 2621440
ewww_image_optimizer_admin_init: 6553600
ewww_image_optimizer_init: 6553600
ewww_image_optimizer_cloud_init: 6815744
ewww_image_optimizer_init: 6815744
ewww_image_optimizer_exec_init: 6815744
ewww_image_optimizer_admin_init: 6815744
15-01-18 09:27:30.000000  plugin load: 2621440
ewww_image_optimizer_admin_init: 6553600
ewww_image_optimizer_init: 6553600
ewww_image_optimizer_cloud_init: 6815744
ewww_image_optimizer_init: 6815744
ewww_image_optimizer_exec_init: 6815744
ewww_image_optimizer_admin_init: 6815744
15-01-18 09:27:31.000000  plugin load: 2621440
15-01-18 09:27:31.000000  plugin load: 2621440
15-01-18 09:27:31.000000  plugin load: 2621440
ewww_image_optimizer_admin_init: 6553600
ewww_image_optimizer_init: 6553600
ewww_image_optimizer_cloud_init: 6815744
ewww_image_optimizer_init: 6815744
ewww_image_optimizer_exec_init: 6815744
ewww_image_optimizer_admin_init: 6815744
15-01-18 09:27:37.000000  plugin load: 2621440
ewww_image_optimizer_admin_init: 6815744
ewww_image_optimizer_init: 6815744
ewww_image_optimizer_cloud_init: 7077888
ewww_image_optimizer_init: 7077888
ewww_image_optimizer_exec_init: 7077888
ewww_image_optimizer_admin_init: 7077888
ewww_image_optimizer_progressbar_style: 7077888
15-01-18 09:27:43.000000  plugin load: 2621440
ewww_image_optimizer_admin_init: 6815744
ewww_image_optimizer_init: 6815744
ewww_image_optimizer_cloud_init: 7077888
ewww_image_optimizer_init: 7077888
ewww_image_optimizer_exec_init: 7077888
ewww_image_optimizer_admin_init: 7077888
ewww_image_optimizer_progressbar_style: 7340032
15-01-18 09:27:49.000000  plugin load: 2621440
ewww_image_optimizer_admin_init: 6815744
ewww_image_optimizer_init: 6815744
ewww_image_optimizer_cloud_init: 7077888
ewww_image_optimizer_init: 7077888
ewww_image_optimizer_exec_init: 7077888
ewww_image_optimizer_admin_init: 7077888
ewww_image_optimizer_progressbar_style: 7340032
15-01-18 09:28:40.000000  plugin load: 2621440
ewww_image_optimizer_admin_init: 6815744
ewww_image_optimizer_init: 6815744
ewww_image_optimizer_cloud_init: 7077888
ewww_image_optimizer_init: 7077888
ewww_image_optimizer_exec_init: 7077888
ewww_image_optimizer_admin_init: 7077888
ewww_image_optimizer_progressbar_style: 7340032
15-01-18 09:28:49.000000  plugin load: 2621440
ewww_image_optimizer_admin_init: 6815744
ewww_image_optimizer_init: 6815744
ewww_image_optimizer_cloud_init: 7077888
ewww_image_optimizer_init: 7077888
ewww_image_optimizer_exec_init: 7077888
ewww_image_optimizer_admin_init: 7077888
ewww_image_optimizer_progressbar_style: 7077888
15-01-18 09:28:57.000000  plugin load: 2621440
ewww_image_optimizer_admin_init: 6815744
ewww_image_optimizer_init: 6815744
ewww_image_optimizer_cloud_init: 7077888
ewww_image_optimizer_init: 7077888
ewww_image_optimizer_exec_init: 7077888
ewww_image_optimizer_admin_init: 7077888
ewww_image_optimizer_progressbar_style: 7077888
15-01-18 09:29:03.000000  plugin load: 2621440
ewww_image_optimizer_admin_init: 6815744
ewww_image_optimizer_init: 6815744
ewww_image_optimizer_cloud_init: 7077888
ewww_image_optimizer_init: 7077888
ewww_image_optimizer_exec_init: 7077888
ewww_image_optimizer_admin_init: 7077888
ewww_image_optimizer_progressbar_style: 7077888
15-01-18 09:29:11.000000  plugin load: 2621440
ewww_image_optimizer_admin_init: 6815744
ewww_image_optimizer_init: 6815744
ewww_image_optimizer_cloud_init: 7077888
ewww_image_optimizer_init: 7077888
ewww_image_optimizer_exec_init: 7077888
ewww_image_optimizer_admin_init: 7077888
ewww_image_optimizer_progressbar_style: 7077888
15-01-18 09:29:30.000000  plugin load: 2621440
ewww_image_optimizer_admin_init: 6553600
ewww_image_optimizer_init: 6553600
ewww_image_optimizer_cloud_init: 6815744
ewww_image_optimizer_init: 6815744
ewww_image_optimizer_exec_init: 6815744
ewww_image_optimizer_admin_init: 6815744
15-01-18 09:29:31.000000  plugin load: 2621440
ewww_image_optimizer_admin_init: 6815744
ewww_image_optimizer_init: 6815744
ewww_image_optimizer_cloud_init: 7077888
ewww_image_optimizer_init: 7077888
ewww_image_optimizer_exec_init: 7077888
ewww_image_optimizer_admin_init: 7077888
ewww_image_optimizer_progressbar_style: 7077888
15-01-18 09:29:35.000000  plugin load: 2621440
ewww_image_optimizer_admin_init: 6815744
ewww_image_optimizer_init: 6815744
ewww_image_optimizer_cloud_init: 7077888
ewww_image_optimizer_init: 7077888
ewww_image_optimizer_exec_init: 7077888
ewww_image_optimizer_admin_init: 7077888
ewww_image_optimizer_progressbar_style: 7077888
15-01-18 09:29:46.000000  plugin load: 2621440
ewww_image_optimizer_admin_init: 6553600
ewww_image_optimizer_init: 6553600
ewww_image_optimizer_cloud_init: 6815744
ewww_image_optimizer_init: 6815744
ewww_image_optimizer_exec_init: 6815744
ewww_image_optimizer_admin_init: 6815744
15-01-18 09:29:47.000000  plugin load: 2621440
ewww_image_optimizer_admin_init: 6815744
ewww_image_optimizer_init: 6815744
ewww_image_optimizer_cloud_init: 7077888
ewww_image_optimizer_init: 7077888
ewww_image_optimizer_exec_init: 7077888
ewww_image_optimizer_admin_init: 7077888
ewww_image_optimizer_progressbar_style: 7077888
15-01-18 09:29:55.000000  plugin load: 2621440
ewww_image_optimizer_admin_init: 6815744
ewww_image_optimizer_init: 6815744
ewww_image_optimizer_cloud_init: 7077888
ewww_image_optimizer_init: 7077888
ewww_image_optimizer_exec_init: 7077888
ewww_image_optimizer_admin_init: 7077888
ewww_image_optimizer_progressbar_style: 7077888
15-01-18 09:30:01.000000  plugin load: 2621440
ewww_image_optimizer_admin_init: 6815744
ewww_image_optimizer_init: 6815744
ewww_image_optimizer_cloud_init: 7077888
ewww_image_optimizer_init: 7077888
ewww_image_optimizer_exec_init: 7077888
ewww_image_optimizer_admin_init: 7077888
ewww_image_optimizer_progressbar_style: 7077888
15-01-18 09:31:02.000000  plugin load: 2621440
ewww_image_optimizer_admin_init: 6553600
ewww_image_optimizer_init: 6553600
ewww_image_optimizer_cloud_init: 6815744
ewww_image_optimizer_init: 6815744
ewww_image_optimizer_exec_init: 6815744
ewww_image_optimizer_admin_init: 6815744
15-01-18 09:31:51.000000  plugin load: 2621440
ewww_image_optimizer_admin_init: 6553600
ewww_image_optimizer_init: 6553600
ewww_image_optimizer_cloud_init: 6815744
ewww_image_optimizer_init: 6815744
ewww_image_optimizer_exec_init: 6815744
ewww_image_optimizer_admin_init: 6815744
15-01-18 09:31:52.000000  plugin load: 2621440
ewww_image_optimizer_admin_init: 6815744
ewww_image_optimizer_init: 6815744
ewww_image_optimizer_cloud_init: 7077888
ewww_image_optimizer_init: 7077888
ewww_image_optimizer_exec_init: 7077888
ewww_image_optimizer_admin_init: 7077888
ewww_image_optimizer_progressbar_style: 7077888
15-01-18 09:32:04.000000  plugin load: 2621440
ewww_image_optimizer_admin_init: 6815744
ewww_image_optimizer_init: 6815744
ewww_image_optimizer_cloud_init: 7077888
ewww_image_optimizer_init: 7077888
ewww_image_optimizer_exec_init: 7077888
ewww_image_optimizer_admin_init: 7077888
ewww_image_optimizer_progressbar_style: 7340032
15-01-18 09:32:13.000000  plugin load: 2621440
ewww_image_optimizer_admin_init: 6815744
ewww_image_optimizer_init: 6815744
ewww_image_optimizer_cloud_init: 7077888
ewww_image_optimizer_init: 7077888
ewww_image_optimizer_exec_init: 7077888
ewww_image_optimizer_admin_init: 7077888
ewww_image_optimizer_progressbar_style: 7340032
15-01-18 09:32:18.000000  plugin load: 2621440
15-01-18 09:32:20.000000  plugin load: 2621440
ewww_image_optimizer_admin_init: 6815744
ewww_image_optimizer_init: 6815744
ewww_image_optimizer_cloud_init: 7077888
ewww_image_optimizer_init: 7077888
ewww_image_optimizer_exec_init: 7077888
ewww_image_optimizer_admin_init: 7077888
ewww_image_optimizer_progressbar_style: 7602176
15-01-18 09:32:23.000000  plugin load: 2621440
ewww_image_optimizer_admin_init: 6553600
ewww_image_optimizer_init: 6553600
ewww_image_optimizer_cloud_init: 6815744
ewww_image_optimizer_init: 6815744
ewww_image_optimizer_exec_init: 6815744
ewww_image_optimizer_admin_init: 6815744
15-01-18 09:32:24.000000  plugin load: 2621440
ewww_image_optimizer_admin_init: 6553600
ewww_image_optimizer_init: 6553600
ewww_image_optimizer_cloud_init: 6815744
ewww_image_optimizer_init: 6815744
ewww_image_optimizer_exec_init: 6815744
ewww_image_optimizer_admin_init: 6815744
15-01-18 09:32:25.000000  plugin load: 2621440
ewww_image_optimizer_admin_init: 6553600
ewww_image_optimizer_init: 6553600
ewww_image_optimizer_cloud_init: 6815744
ewww_image_optimizer_init: 6815744
ewww_image_optimizer_exec_init: 6815744
ewww_image_optimizer_admin_init: 6815744
15-01-18 09:32:26.000000  plugin load: 2621440
ewww_image_optimizer_admin_init: 6553600
ewww_image_optimizer_init: 6553600
ewww_image_optimizer_cloud_init: 6815744
ewww_image_optimizer_init: 6815744
ewww_image_optimizer_exec_init: 6815744
ewww_image_optimizer_admin_init: 6815744
15-01-18 09:32:27.000000  plugin load: 2621440
15-01-18 09:32:27.000000  plugin load: 2621440
15-01-18 09:32:27.000000  plugin load: 2621440
ewww_image_optimizer_admin_init: 6553600
ewww_image_optimizer_init: 6553600
ewww_image_optimizer_cloud_init: 6815744
ewww_image_optimizer_init: 6815744
ewww_image_optimizer_exec_init: 6815744
ewww_image_optimizer_admin_init: 6815744
15-01-18 09:33:22.000000  plugin load: 2621440
ewww_image_optimizer_admin_init: 6553600
ewww_image_optimizer_init: 6553600
ewww_image_optimizer_cloud_init: 6815744
ewww_image_optimizer_init: 6815744
ewww_image_optimizer_exec_init: 6815744
ewww_image_optimizer_admin_init: 6815744
15-01-18 09:33:40.000000  plugin load: 2621440
ewww_image_optimizer_admin_init: 6815744
ewww_image_optimizer_init: 6815744
ewww_image_optimizer_cloud_init: 7077888
ewww_image_optimizer_init: 7077888
ewww_image_optimizer_exec_init: 7077888
ewww_image_optimizer_admin_init: 7077888
ewww_image_optimizer_progressbar_style: 7340032
15-01-18 09:34:39.000000  plugin load: 2621440
ewww_image_optimizer_admin_init: 6815744
ewww_image_optimizer_init: 6815744
ewww_image_optimizer_cloud_init: 7077888
ewww_image_optimizer_init: 7077888
ewww_image_optimizer_exec_init: 7077888
ewww_image_optimizer_admin_init: 7077888
ewww_image_optimizer_progressbar_style: 7340032
15-01-18 09:34:42.000000  plugin load: 2621440
ewww_image_optimizer_admin_init: 6815744
ewww_image_optimizer_init: 6815744
ewww_image_optimizer_cloud_init: 7077888
ewww_image_optimizer_init: 7077888
ewww_image_optimizer_exec_init: 7077888
ewww_image_optimizer_admin_init: 7077888
ewww_image_optimizer_progressbar_style: 7077888
15-01-18 09:34:57.000000  plugin load: 2621440
ewww_image_optimizer_admin_init: 6815744
ewww_image_optimizer_init: 6815744
ewww_image_optimizer_cloud_init: 7077888
ewww_image_optimizer_init: 7077888
ewww_image_optimizer_exec_init: 7077888
ewww_image_optimizer_admin_init: 7077888
ewww_image_optimizer_progressbar_style: 7077888
15-01-18 09:35:03.000000  plugin load: 2621440
ewww_image_optimizer_admin_init: 6815744
ewww_image_optimizer_init: 6815744
ewww_image_optimizer_cloud_init: 7077888
ewww_image_optimizer_init: 7077888
ewww_image_optimizer_exec_init: 7077888
ewww_image_optimizer_admin_init: 7077888
ewww_image_optimizer_progressbar_style: 7077888
15-01-18 09:35:54.000000  plugin load: 2621440
ewww_image_optimizer_admin_init: 6815744
ewww_image_optimizer_init: 6815744
ewww_image_optimizer_cloud_init: 7077888
ewww_image_optimizer_init: 7077888
ewww_image_optimizer_exec_init: 7077888
ewww_image_optimizer_admin_init: 7077888
ewww_image_optimizer_exec_check: 7340032
ewww_image_optimizer_safemode_check: 7340032
ewww_image_optimizer_md5check: 7340032
ewww_image_optimizer_mimetype: 7340032
ewww_image_optimizer_md5check: 7340032
ewww_image_optimizer_mimetype: 7340032
ewww_image_optimizer_md5check: 7340032
ewww_image_optimizer_mimetype: 7340032
ewww_image_optimizer_tool_found: 7340032
ewww_image_optimizer_tool_found: 7340032
ewww_image_optimizer_tool_found: 7340032
ewww_image_optimizer_tool_found: 7340032
ewww_image_optimizer_tool_found: 7340032
ewww_image_optimizer_tool_found: 7340032
ewww_image_optimizer_tool_found: 7340032
ewww_image_optimizer_tool_found: 7340032
ewww_image_optimizer_tool_found: 7340032
ewww_image_optimizer_tool_found: 7340032
ewww_image_optimizer_md5check: 7340032
ewww_image_optimizer_mimetype: 7340032
ewww_image_optimizer_md5check: 7340032
ewww_image_optimizer_mimetype: 7340032
ewww_image_optimizer_path_check: 7340032
ewww_image_optimizer_progressbar_style: 8388608
15-01-18 09:36:19.000000  plugin load: 2621440
ewww_image_optimizer_admin_init: 6815744
ewww_image_optimizer_init: 6815744
ewww_image_optimizer_cloud_init: 7077888
ewww_image_optimizer_init: 7077888
ewww_image_optimizer_exec_init: 7077888
ewww_image_optimizer_admin_init: 7077888
ewww_image_optimizer_progressbar_style: 8650752
15-01-18 09:36:20.000000  plugin load: 2621440
ewww_image_optimizer_admin_init: 6553600
ewww_image_optimizer_init: 6553600
ewww_image_optimizer_cloud_init: 6815744
ewww_image_optimizer_init: 6815744
ewww_image_optimizer_exec_init: 6815744
ewww_image_optimizer_admin_init: 6815744
15-01-18 09:37:07.000000  plugin load: 2621440
ewww_image_optimizer_admin_init: 6815744
ewww_image_optimizer_init: 6815744
ewww_image_optimizer_cloud_init: 7077888
ewww_image_optimizer_init: 7077888
ewww_image_optimizer_exec_init: 7077888
ewww_image_optimizer_admin_init: 7077888
ewww_image_optimizer_exec_check: 7602176
ewww_image_optimizer_safemode_check: 7602176
ewww_image_optimizer_md5check: 7602176
ewww_image_optimizer_mimetype: 7602176
ewww_image_optimizer_md5check: 7602176
ewww_image_optimizer_mimetype: 7602176
ewww_image_optimizer_md5check: 7602176
ewww_image_optimizer_mimetype: 7602176
ewww_image_optimizer_tool_found: 7602176
ewww_image_optimizer_tool_found: 7602176
ewww_image_optimizer_tool_found: 7602176
ewww_image_optimizer_tool_found: 7602176
ewww_image_optimizer_tool_found: 7602176
ewww_image_optimizer_tool_found: 7602176
ewww_image_optimizer_tool_found: 7602176
ewww_image_optimizer_tool_found: 7602176
ewww_image_optimizer_tool_found: 7602176
ewww_image_optimizer_tool_found: 7602176
ewww_image_optimizer_md5check: 7602176
ewww_image_optimizer_mimetype: 7602176
ewww_image_optimizer_md5check: 7602176
ewww_image_optimizer_mimetype: 7602176
ewww_image_optimizer_path_check: 7602176
15-01-18 09:37:23.000000  plugin load: 2621440
ewww_image_optimizer_admin_init: 6291456
ewww_image_optimizer_init: 6291456
ewww_image_optimizer_cloud_init: 6553600
ewww_image_optimizer_init: 6553600
ewww_image_optimizer_exec_init: 6553600
ewww_image_optimizer_admin_init: 6553600
ewww_image_optimizer_exec_check: 7077888
ewww_image_optimizer_safemode_check: 7077888
ewww_image_optimizer_md5check: 7077888
ewww_image_optimizer_mimetype: 7077888
ewww_image_optimizer_md5check: 7077888
ewww_image_optimizer_mimetype: 7077888
ewww_image_optimizer_md5check: 7077888
ewww_image_optimizer_mimetype: 7077888
ewww_image_optimizer_tool_found: 7077888
ewww_image_optimizer_tool_found: 7077888
ewww_image_optimizer_tool_found: 7077888
ewww_image_optimizer_tool_found: 7077888
ewww_image_optimizer_tool_found: 7077888
ewww_image_optimizer_tool_found: 7077888
ewww_image_optimizer_tool_found: 7077888
ewww_image_optimizer_tool_found: 7077888
ewww_image_optimizer_tool_found: 7077888
ewww_image_optimizer_tool_found: 7077888
ewww_image_optimizer_md5check: 7077888
ewww_image_optimizer_mimetype: 7077888
ewww_image_optimizer_md5check: 7077888
ewww_image_optimizer_mimetype: 7077888
ewww_image_optimizer_path_check: 7077888
ewww_image_optimizer_progressbar_style: 8126464
15-01-18 09:37:28.000000  plugin load: 2621440
ewww_image_optimizer_admin_init: 6291456
ewww_image_optimizer_init: 6291456
ewww_image_optimizer_cloud_init: 6553600
ewww_image_optimizer_init: 6553600
ewww_image_optimizer_exec_init: 6553600
ewww_image_optimizer_admin_init: 6553600
ewww_image_optimizer_exec_check: 6553600
ewww_image_optimizer_safemode_check: 6553600
ewww_image_optimizer_md5check: 6553600
ewww_image_optimizer_mimetype: 6553600
ewww_image_optimizer_md5check: 6553600
ewww_image_optimizer_mimetype: 6553600
ewww_image_optimizer_md5check: 6553600
ewww_image_optimizer_mimetype: 6553600
ewww_image_optimizer_tool_found: 6553600
ewww_image_optimizer_tool_found: 6553600
ewww_image_optimizer_tool_found: 6553600
ewww_image_optimizer_tool_found: 6553600
ewww_image_optimizer_tool_found: 6553600
ewww_image_optimizer_tool_found: 6553600
ewww_image_optimizer_tool_found: 6553600
ewww_image_optimizer_tool_found: 6553600
ewww_image_optimizer_tool_found: 6553600
ewww_image_optimizer_tool_found: 6553600
ewww_image_optimizer_md5check: 6553600
ewww_image_optimizer_mimetype: 6553600
ewww_image_optimizer_md5check: 6553600
ewww_image_optimizer_mimetype: 6553600
ewww_image_optimizer_path_check: 6553600
ewww_image_optimizer_progressbar_style: 7864320
15-01-18 09:38:17.000000  plugin load: 2621440
ewww_image_optimizer_admin_init: 6291456
ewww_image_optimizer_init: 6291456
ewww_image_optimizer_cloud_init: 6553600
ewww_image_optimizer_init: 6553600
ewww_image_optimizer_exec_init: 6553600
ewww_image_optimizer_admin_init: 6553600
ewww_image_optimizer_exec_check: 6553600
ewww_image_optimizer_safemode_check: 6553600
ewww_image_optimizer_md5check: 6553600
ewww_image_optimizer_mimetype: 6553600
ewww_image_optimizer_md5check: 6553600
ewww_image_optimizer_mimetype: 6553600
ewww_image_optimizer_md5check: 6553600
ewww_image_optimizer_mimetype: 6553600
ewww_image_optimizer_tool_found: 6553600
ewww_image_optimizer_tool_found: 6553600
ewww_image_optimizer_tool_found: 6553600
ewww_image_optimizer_tool_found: 6553600
ewww_image_optimizer_tool_found: 6553600
ewww_image_optimizer_tool_found: 6553600
ewww_image_optimizer_tool_found: 6553600
ewww_image_optimizer_tool_found: 6553600
ewww_image_optimizer_tool_found: 6553600
ewww_image_optimizer_tool_found: 6553600
ewww_image_optimizer_md5check: 6553600
ewww_image_optimizer_mimetype: 6553600
ewww_image_optimizer_md5check: 6553600
ewww_image_optimizer_mimetype: 6553600
ewww_image_optimizer_path_check: 6553600
ewww_image_optimizer_progressbar_style: 7864320
15-01-18 09:38:22.000000  plugin load: 2621440
ewww_image_optimizer_admin_init: 6291456
ewww_image_optimizer_init: 6291456
ewww_image_optimizer_cloud_init: 6553600
ewww_image_optimizer_init: 6553600
ewww_image_optimizer_exec_init: 6553600
ewww_image_optimizer_admin_init: 6553600
ewww_image_optimizer_exec_check: 6553600
ewww_image_optimizer_safemode_check: 6553600
ewww_image_optimizer_md5check: 6553600
ewww_image_optimizer_mimetype: 6553600
ewww_image_optimizer_md5check: 6553600
ewww_image_optimizer_mimetype: 6553600
ewww_image_optimizer_md5check: 6553600
ewww_image_optimizer_mimetype: 6553600
ewww_image_optimizer_tool_found: 6553600
ewww_image_optimizer_tool_found: 6553600
ewww_image_optimizer_tool_found: 6553600
ewww_image_optimizer_tool_found: 6553600
ewww_image_optimizer_tool_found: 6553600
ewww_image_optimizer_tool_found: 6553600
ewww_image_optimizer_tool_found: 6553600
ewww_image_optimizer_tool_found: 6553600
ewww_image_optimizer_tool_found: 6553600
ewww_image_optimizer_tool_found: 6553600
ewww_image_optimizer_md5check: 6553600
ewww_image_optimizer_mimetype: 6553600
ewww_image_optimizer_md5check: 6553600
ewww_image_optimizer_mimetype: 6553600
ewww_image_optimizer_path_check: 6553600
15-01-18 09:38:23.000000  plugin load: 2621440
ewww_image_optimizer_admin_init: 6815744
ewww_image_optimizer_init: 6815744
ewww_image_optimizer_cloud_init: 7077888
ewww_image_optimizer_init: 7077888
ewww_image_optimizer_exec_init: 7077888
ewww_image_optimizer_admin_init: 7077888
ewww_image_optimizer_exec_check: 7340032
ewww_image_optimizer_safemode_check: 7340032
ewww_image_optimizer_md5check: 7340032
ewww_image_optimizer_mimetype: 7340032
ewww_image_optimizer_md5check: 7340032
ewww_image_optimizer_mimetype: 7340032
ewww_image_optimizer_md5check: 7340032
ewww_image_optimizer_mimetype: 7340032
ewww_image_optimizer_tool_found: 7340032
ewww_image_optimizer_tool_found: 7340032
ewww_image_optimizer_tool_found: 7340032
ewww_image_optimizer_tool_found: 7340032
ewww_image_optimizer_tool_found: 7340032
ewww_image_optimizer_tool_found: 7340032
ewww_image_optimizer_tool_found: 7340032
ewww_image_optimizer_tool_found: 7340032
ewww_image_optimizer_tool_found: 7340032
ewww_image_optimizer_tool_found: 7340032
ewww_image_optimizer_md5check: 7340032
ewww_image_optimizer_mimetype: 7340032
ewww_image_optimizer_md5check: 7340032
ewww_image_optimizer_mimetype: 7340032
ewww_image_optimizer_path_check: 7340032
ewww_image_optimizer_progressbar_style: 8388608
15-01-18 09:38:31.000000  plugin load: 2621440
ewww_image_optimizer_admin_init: 6815744
ewww_image_optimizer_init: 6815744
ewww_image_optimizer_cloud_init: 7077888
ewww_image_optimizer_init: 7077888
ewww_image_optimizer_exec_init: 7077888
ewww_image_optimizer_admin_init: 7077888
ewww_image_optimizer_progressbar_style: 7077888
15-01-18 09:38:31.000000  plugin load: 2621440
ewww_image_optimizer_admin_init: 6291456
ewww_image_optimizer_init: 6291456
ewww_image_optimizer_cloud_init: 6553600
ewww_image_optimizer_init: 6553600
ewww_image_optimizer_exec_init: 6553600
ewww_image_optimizer_admin_init: 6553600
15-01-18 09:38:32.000000  plugin load: 2621440
ewww_image_optimizer_admin_init: 6553600
ewww_image_optimizer_init: 6553600
ewww_image_optimizer_cloud_init: 6815744
ewww_image_optimizer_init: 6815744
ewww_image_optimizer_exec_init: 6815744
ewww_image_optimizer_admin_init: 6815744
